2025-12-24 10:18:45,922 - web_app.src.core.logger - INFO - Configuration initialized
2025-12-24 10:18:46,962 - web_app.src.core.logger - INFO - Configuration initialized
2025-12-24 10:18:48,126 - web_app.src.core.logger - INFO - Configuration initialized
2025-12-24 10:18:49,475 - web_app.src.core.logger - INFO - Configuration initialized
2025-12-24 10:18:51,236 - web_app.src.core.logger - INFO - Configuration initialized
2025-12-24 10:18:53,899 - web_app.src.core.logger - INFO - Configuration initialized
2025-12-24 10:18:58,204 - web_app.src.core.logger - INFO - Configuration initialized
2025-12-24 10:19:05,596 - web_app.src.core.logger - INFO - Configuration initialized
2025-12-24 10:19:08,761 - web_app.src.core.logger - INFO - Configuration initialized
2025-12-24 10:19:09,870 - web_app.src.core.logger - INFO - Configuration initialized
2025-12-24 10:19:11,061 - web_app.src.core.logger - INFO - Configuration initialized
2025-12-24 10:19:12,585 - web_app.src.core.logger - INFO - Configuration initialized
2025-12-24 10:19:14,348 - web_app.src.core.logger - INFO - Configuration initialized
2025-12-24 10:19:16,958 - web_app.src.core.logger - INFO - Configuration initialized
2025-12-24 10:19:21,235 - web_app.src.core.logger - INFO - Configuration initialized
2025-12-24 10:19:28,723 - web_app.src.core.logger - INFO - Configuration initialized
2025-12-24 10:19:42,525 - web_app.src.core.logger - INFO - Configuration initialized
2025-12-24 11:35:38,333 - web_app.src.core.logger - INFO - Configuration initialized
2025-12-24 11:35:39,410 - web_app.src.core.logger - INFO - Configuration initialized
2025-12-24 11:35:40,632 - web_app.src.core.logger - INFO - Configuration initialized
2025-12-24 11:35:42,043 - web_app.src.core.logger - INFO - Configuration initialized
2025-12-24 11:35:43,808 - web_app.src.core.logger - INFO - Configuration initialized
2025-12-24 11:35:46,386 - web_app.src.core.logger - INFO - Configuration initialized
2025-12-24 11:35:50,573 - web_app.src.core.logger - INFO - Configuration initialized
2025-12-24 11:38:58,789 - web_app.src.core.logger - INFO - Configuration initialized
2025-12-24 11:38:58,872 - web_app.src.core.logger - INFO - Запускаем приложение...
2025-12-24 11:38:58,872 - web_app.src.core.logger - INFO - Инициализируем таблицы
2025-12-24 11:38:59,920 - web_app.src.core.logger - INFO - Configuration initialized
2025-12-24 11:39:00,001 - web_app.src.core.logger - INFO - Запускаем приложение...
2025-12-24 11:39:00,001 - web_app.src.core.logger - INFO - Инициализируем таблицы
2025-12-24 11:39:01,151 - web_app.src.core.logger - INFO - Configuration initialized
2025-12-24 11:39:01,234 - web_app.src.core.logger - INFO - Запускаем приложение...
2025-12-24 11:39:01,234 - web_app.src.core.logger - INFO - Инициализируем таблицы
2025-12-24 11:39:02,605 - web_app.src.core.logger - INFO - Configuration initialized
2025-12-24 11:39:02,686 - web_app.src.core.logger - INFO - Запускаем приложение...
2025-12-24 11:39:02,686 - web_app.src.core.logger - INFO - Инициализируем таблицы
2025-12-24 11:39:04,450 - web_app.src.core.logger - INFO - Configuration initialized
2025-12-24 11:39:04,534 - web_app.src.core.logger - INFO - Запускаем приложение...
2025-12-24 11:39:04,534 - web_app.src.core.logger - INFO - Инициализируем таблицы
2025-12-24 11:39:07,077 - web_app.src.core.logger - INFO - Configuration initialized
2025-12-24 11:39:07,158 - web_app.src.core.logger - INFO - Запускаем приложение...
2025-12-24 11:39:07,158 - web_app.src.core.logger - INFO - Инициализируем таблицы
2025-12-24 11:39:11,292 - web_app.src.core.logger - INFO - Configuration initialized
2025-12-24 11:39:11,373 - web_app.src.core.logger - INFO - Запускаем приложение...
2025-12-24 11:39:11,373 - web_app.src.core.logger - INFO - Инициализируем таблицы
2025-12-24 11:39:18,770 - web_app.src.core.logger - INFO - Configuration initialized
2025-12-24 11:39:18,852 - web_app.src.core.logger - INFO - Запускаем приложение...
2025-12-24 11:39:18,852 - web_app.src.core.logger - INFO - Инициализируем таблицы
2025-12-24 11:39:32,664 - web_app.src.core.logger - INFO - Configuration initialized
2025-12-24 11:39:32,750 - web_app.src.core.logger - INFO - Запускаем приложение...
2025-12-24 11:39:32,750 - web_app.src.core.logger - INFO - Инициализируем таблицы
2025-12-24 11:44:00,260 - web_app.src.core.logger - INFO - Configuration initialized
2025-12-24 11:44:00,346 - web_app.src.core.logger - INFO - Запускаем приложение...
2025-12-24 11:44:00,346 - web_app.src.core.logger - INFO - Инициализируем таблицы
2025-12-24 11:44:01,405 - web_app.src.core.logger - INFO - Configuration initialized
2025-12-24 11:44:01,485 - web_app.src.core.logger - INFO - Запускаем приложение...
2025-12-24 11:44:01,485 - web_app.src.core.logger - INFO - Инициализируем таблицы
2025-12-24 11:44:02,669 - web_app.src.core.logger - INFO - Configuration initialized
2025-12-24 11:44:02,750 - web_app.src.core.logger - INFO - Запускаем приложение...
2025-12-24 11:44:02,750 - web_app.src.core.logger - INFO - Инициализируем таблицы
2025-12-24 11:44:04,150 - web_app.src.core.logger - INFO - Configuration initialized
2025-12-24 11:44:04,231 - web_app.src.core.logger - INFO - Запускаем приложение...
2025-12-24 11:44:04,231 - web_app.src.core.logger - INFO - Инициализируем таблицы
2025-12-24 11:44:05,999 - web_app.src.core.logger - INFO - Configuration initialized
2025-12-24 11:44:06,080 - web_app.src.core.logger - INFO - Запускаем приложение...
2025-12-24 11:44:06,081 - web_app.src.core.logger - INFO - Инициализируем таблицы
2025-12-24 11:44:08,615 - web_app.src.core.logger - INFO - Configuration initialized
2025-12-24 11:44:08,696 - web_app.src.core.logger - INFO - Запускаем приложение...
2025-12-24 11:44:08,696 - web_app.src.core.logger - INFO - Инициализируем таблицы
2025-12-24 11:44:12,863 - web_app.src.core.logger - INFO - Configuration initialized
2025-12-24 11:44:12,944 - web_app.src.core.logger - INFO - Запускаем приложение...
2025-12-24 11:44:12,944 - web_app.src.core.logger - INFO - Инициализируем таблицы
2025-12-24 11:44:30,799 - web_app.src.core.logger - INFO - Configuration initialized
2025-12-24 11:44:30,884 - web_app.src.core.logger - INFO - Запускаем приложение...
2025-12-24 11:44:30,884 - web_app.src.core.logger - INFO - Инициализируем таблицы
2025-12-24 11:44:31,935 - web_app.src.core.logger - INFO - Configuration initialized
2025-12-24 11:44:32,015 - web_app.src.core.logger - INFO - Запускаем приложение...
2025-12-24 11:44:32,016 - web_app.src.core.logger - INFO - Инициализируем таблицы
2025-12-24 11:44:33,237 - web_app.src.core.logger - INFO - Configuration initialized
2025-12-24 11:44:33,323 - web_app.src.core.logger - INFO - Запускаем приложение...
2025-12-24 11:44:33,323 - web_app.src.core.logger - INFO - Инициализируем таблицы
2025-12-24 11:44:34,695 - web_app.src.core.logger - INFO - Configuration initialized
2025-12-24 11:44:34,775 - web_app.src.core.logger - INFO - Запускаем приложение...
2025-12-24 11:44:34,776 - web_app.src.core.logger - INFO - Инициализируем таблицы
2025-12-24 11:44:36,528 - web_app.src.core.logger - INFO - Configuration initialized
2025-12-24 11:44:36,608 - web_app.src.core.logger - INFO - Запускаем приложение...
2025-12-24 11:44:36,608 - web_app.src.core.logger - INFO - Инициализируем таблицы
2025-12-24 11:44:39,198 - web_app.src.core.logger - INFO - Configuration initialized
2025-12-24 11:44:39,279 - web_app.src.core.logger - INFO - Запускаем приложение...
2025-12-24 11:44:39,279 - web_app.src.core.logger - INFO - Инициализируем таблицы
2025-12-24 11:44:43,438 - web_app.src.core.logger - INFO - Configuration initialized
2025-12-24 11:44:43,521 - web_app.src.core.logger - INFO - Запускаем приложение...
2025-12-24 11:44:43,521 - web_app.src.core.logger - INFO - Инициализируем таблицы
2025-12-24 11:46:51,420 - web_app.src.core.logger - INFO - Configuration initialized
2025-12-24 11:46:51,505 - web_app.src.core.logger - INFO - Запускаем приложение...
2025-12-24 11:46:51,505 - web_app.src.core.logger - INFO - Инициализируем таблицы
2025-12-24 11:46:52,572 - web_app.src.core.logger - INFO - Configuration initialized
2025-12-24 11:46:52,652 - web_app.src.core.logger - INFO - Запускаем приложение...
2025-12-24 11:46:52,652 - web_app.src.core.logger - INFO - Инициализируем таблицы
2025-12-24 11:46:53,853 - web_app.src.core.logger - INFO - Configuration initialized
2025-12-24 11:46:53,935 - web_app.src.core.logger - INFO - Запускаем приложение...
2025-12-24 11:46:53,935 - web_app.src.core.logger - INFO - Инициализируем таблицы
2025-12-24 11:46:55,330 - web_app.src.core.logger - INFO - Configuration initialized
2025-12-24 11:46:55,413 - web_app.src.core.logger - INFO - Запускаем приложение...
2025-12-24 11:46:55,413 - web_app.src.core.logger - INFO - Инициализируем таблицы
2025-12-24 11:46:57,158 - web_app.src.core.logger - INFO - Configuration initialized
2025-12-24 11:46:57,239 - web_app.src.core.logger - INFO - Запускаем приложение...
2025-12-24 11:46:57,239 - web_app.src.core.logger - INFO - Инициализируем таблицы
2025-12-24 11:46:59,779 - web_app.src.core.logger - INFO - Configuration initialized
2025-12-24 11:46:59,858 - web_app.src.core.logger - INFO - Запускаем приложение...
2025-12-24 11:46:59,858 - web_app.src.core.logger - INFO - Инициализируем таблицы
2025-12-24 11:47:04,069 - web_app.src.core.logger - INFO - Configuration initialized
2025-12-24 11:47:04,150 - web_app.src.core.logger - INFO - Запускаем приложение...
2025-12-24 11:47:04,150 - web_app.src.core.logger - INFO - Инициализируем таблицы
2025-12-24 11:47:11,531 - web_app.src.core.logger - INFO - Configuration initialized
2025-12-24 11:47:11,610 - web_app.src.core.logger - INFO - Запускаем приложение...
2025-12-24 11:47:11,611 - web_app.src.core.logger - INFO - Инициализируем таблицы
2025-12-24 11:54:59,527 - web_app.src.core.logger - INFO - Configuration initialized
2025-12-24 11:54:59,611 - web_app.src.core.logger - INFO - Запускаем приложение...
2025-12-24 11:54:59,611 - web_app.src.core.logger - INFO - Инициализируем таблицы
2025-12-24 11:55:00,668 - web_app.src.core.logger - INFO - Configuration initialized
2025-12-24 11:55:00,748 - web_app.src.core.logger - INFO - Запускаем приложение...
2025-12-24 11:55:00,748 - web_app.src.core.logger - INFO - Инициализируем таблицы
2025-12-24 11:55:01,919 - web_app.src.core.logger - INFO - Configuration initialized
2025-12-24 11:55:02,004 - web_app.src.core.logger - INFO - Запускаем приложение...
2025-12-24 11:55:02,004 - web_app.src.core.logger - INFO - Инициализируем таблицы
2025-12-24 11:55:03,380 - web_app.src.core.logger - INFO - Configuration initialized
2025-12-24 11:55:03,461 - web_app.src.core.logger - INFO - Запускаем приложение...
2025-12-24 11:55:03,461 - web_app.src.core.logger - INFO - Инициализируем таблицы
2025-12-24 11:55:05,205 - web_app.src.core.logger - INFO - Configuration initialized
2025-12-24 11:55:05,287 - web_app.src.core.logger - INFO - Запускаем приложение...
2025-12-24 11:55:05,287 - web_app.src.core.logger - INFO - Инициализируем таблицы
2025-12-24 11:55:07,842 - web_app.src.core.logger - INFO - Configuration initialized
2025-12-24 11:55:07,923 - web_app.src.core.logger - INFO - Запускаем приложение...
2025-12-24 11:55:07,923 - web_app.src.core.logger - INFO - Инициализируем таблицы
2025-12-24 11:55:12,086 - web_app.src.core.logger - INFO - Configuration initialized
2025-12-24 11:55:12,168 - web_app.src.core.logger - INFO - Запускаем приложение...
2025-12-24 11:55:12,168 - web_app.src.core.logger - INFO - Инициализируем таблицы
2025-12-24 11:55:44,952 - web_app.src.core.logger - INFO - Configuration initialized
2025-12-24 11:55:45,037 - web_app.src.core.logger - INFO - Запускаем приложение...
2025-12-24 11:55:45,037 - web_app.src.core.logger - INFO - Инициализируем таблицы
2025-12-24 11:58:28,662 - web_app.src.core.logger - INFO - Configuration initialized
2025-12-24 11:58:28,745 - web_app.src.core.logger - INFO - Запускаем приложение...
2025-12-24 11:58:28,745 - web_app.src.core.logger - INFO - Инициализируем таблицы
2025-12-24 12:02:26,638 - web_app.src.core.logger - INFO - Configuration initialized
2025-12-24 12:02:26,727 - web_app.src.core.logger - INFO - Запускаем приложение...
2025-12-24 12:02:26,727 - web_app.src.core.logger - INFO - Инициализируем таблицы
2025-12-24 12:23:19,534 - web_app.src.core.logger - INFO - Configuration initialized
2025-12-24 12:23:19,659 - web_app.src.core.logger - INFO - Запускаем приложение...
2025-12-24 12:23:19,659 - web_app.src.core.logger - INFO - Инициализируем таблицы
2025-12-24 12:25:21,506 - web_app.src.core.logger - INFO - Configuration initialized
2025-12-24 12:25:21,605 - web_app.src.core.logger - INFO - Запускаем приложение...
2025-12-24 12:25:21,605 - web_app.src.core.logger - INFO - Инициализируем таблицы
2025-12-24 12:37:07,642 - web_app.src.core.logger - INFO - Configuration initialized
2025-12-24 12:37:07,728 - web_app.src.core.logger - INFO - Запускаем приложение...
2025-12-24 12:37:07,728 - web_app.src.core.logger - INFO - Инициализируем таблицы
2025-12-24 12:38:18,113 - web_app.src.core.logger - INFO - Configuration initialized
2025-12-24 12:38:18,199 - web_app.src.core.logger - INFO - Запускаем приложение...
2025-12-24 12:38:18,199 - web_app.src.core.logger - INFO - Инициализируем таблицы
2025-12-24 12:45:27,054 - web_app.src.core.logger - INFO - Configuration initialized
2025-12-24 12:45:27,140 - web_app.src.core.logger - INFO - Запускаем приложение...
2025-12-24 12:45:27,140 - web_app.src.core.logger - INFO - Инициализируем таблицы
2025-12-24 12:46:50,425 - web_app.src.core.logger - INFO - Configuration initialized
2025-12-24 12:46:50,512 - web_app.src.core.logger - INFO - Запускаем приложение...
2025-12-24 12:46:50,512 - web_app.src.core.logger - INFO - Инициализируем таблицы
2025-12-24 12:48:14,714 - web_app.src.core.logger - INFO - Configuration initialized
2025-12-24 12:48:14,800 - web_app.src.core.logger - INFO - Запускаем приложение...
2025-12-24 12:48:14,800 - web_app.src.core.logger - INFO - Инициализируем таблицы
2025-12-24 12:59:24,610 - web_app.src.core.logger - INFO - Configuration initialized
2025-12-24 12:59:24,697 - web_app.src.core.logger - INFO - Запускаем приложение...
2025-12-24 12:59:24,697 - web_app.src.core.logger - INFO - Инициализируем таблицы
2025-12-24 12:59:31,968 - web_app.src.core.logger - ERROR - Database error reading category_id = 1: (sqlalchemy.dialects.postgresql.asyncpg.ProgrammingError) <class 'asyncpg.exceptions.UndefinedFunctionError'>: operator does not exist: integer = character varying
HINT:  No operator matches the given name and argument types. You might need to add explicit type casts.
[SQL: SELECT categories.map_id 
FROM categories 
WHERE categories.id = $1::VARCHAR]
[parameters: ('1',)]
(Background on this error at: https://sqlalche.me/e/20/f405)
2025-12-24 12:59:47,044 - web_app.src.core.logger - ERROR - Database error reading category_id = 1: (sqlalchemy.dialects.postgresql.asyncpg.ProgrammingError) <class 'asyncpg.exceptions.UndefinedFunctionError'>: operator does not exist: integer = character varying
HINT:  No operator matches the given name and argument types. You might need to add explicit type casts.
[SQL: SELECT categories.map_id 
FROM categories 
WHERE categories.id = $1::VARCHAR]
[parameters: ('1',)]
(Background on this error at: https://sqlalche.me/e/20/f405)
2025-12-24 13:01:10,844 - web_app.src.core.logger - INFO - Configuration initialized
2025-12-24 13:01:10,934 - web_app.src.core.logger - INFO - Запускаем приложение...
2025-12-24 13:01:10,935 - web_app.src.core.logger - INFO - Инициализируем таблицы
2025-12-24 13:01:18,443 - web_app.src.core.logger - ERROR - Database error reading category_id = 1: (sqlalchemy.dialects.postgresql.asyncpg.ProgrammingError) <class 'asyncpg.exceptions.UndefinedFunctionError'>: operator does not exist: integer = character varying
HINT:  No operator matches the given name and argument types. You might need to add explicit type casts.
[SQL: SELECT categories.map_id 
FROM categories 
WHERE categories.id = $1::VARCHAR]
[parameters: ('1',)]
(Background on this error at: https://sqlalche.me/e/20/f405)
2025-12-24 13:03:31,739 - web_app.src.core.logger - INFO - Configuration initialized
2025-12-24 13:03:31,832 - web_app.src.core.logger - INFO - Запускаем приложение...
2025-12-24 13:03:31,832 - web_app.src.core.logger - INFO - Инициализируем таблицы
2025-12-24 13:06:50,111 - web_app.src.core.logger - INFO - Configuration initialized
2025-12-24 13:06:50,199 - web_app.src.core.logger - INFO - Запускаем приложение...
2025-12-24 13:06:50,199 - web_app.src.core.logger - INFO - Инициализируем таблицы
2025-12-24 13:11:36,540 - web_app.src.core.logger - INFO - Configuration initialized
2025-12-24 13:11:36,631 - web_app.src.core.logger - INFO - Запускаем приложение...
2025-12-24 13:11:36,631 - web_app.src.core.logger - INFO - Инициализируем таблицы
2025-12-24 13:12:19,624 - web_app.src.core.logger - INFO - Configuration initialized
2025-12-24 13:12:19,715 - web_app.src.core.logger - INFO - Запускаем приложение...
2025-12-24 13:12:19,715 - web_app.src.core.logger - INFO - Инициализируем таблицы
2025-12-24 13:14:25,799 - web_app.src.core.logger - INFO - Configuration initialized
2025-12-24 13:14:25,890 - web_app.src.core.logger - INFO - Запускаем приложение...
2025-12-24 13:14:25,890 - web_app.src.core.logger - INFO - Инициализируем таблицы
2025-12-24 13:15:42,225 - web_app.src.core.logger - INFO - Configuration initialized
2025-12-24 13:15:42,313 - web_app.src.core.logger - INFO - Запускаем приложение...
2025-12-24 13:15:42,313 - web_app.src.core.logger - INFO - Инициализируем таблицы
2025-12-24 13:18:49,103 - web_app.src.core.logger - INFO - Configuration initialized
2025-12-24 13:18:49,192 - web_app.src.core.logger - INFO - Запускаем приложение...
2025-12-24 13:18:49,192 - web_app.src.core.logger - INFO - Инициализируем таблицы
2025-12-24 13:19:42,846 - web_app.src.core.logger - INFO - Configuration initialized
2025-12-24 13:19:42,936 - web_app.src.core.logger - INFO - Запускаем приложение...
2025-12-24 13:19:42,936 - web_app.src.core.logger - INFO - Инициализируем таблицы
2025-12-24 13:20:47,289 - web_app.src.core.logger - INFO - Configuration initialized
2025-12-24 13:20:47,377 - web_app.src.core.logger - INFO - Запускаем приложение...
2025-12-24 13:20:47,377 - web_app.src.core.logger - INFO - Инициализируем таблицы
